# JRE version: OpenJDK Runtime Environment (7.0_65-b32) (build 1.7.0_65-b32)
# Java VM: OpenJDK 64-Bit Server VM (24.65-b04 mixed mode linux-amd64 compressed oops)
Heap
 PSYoungGen      total 46592K, used 7813K [0x00000000e4000000, 0x00000000e9b00000, 0x0000000100000000)
  eden space 43008K, 11% used [0x00000000e4000000,0x00000000e44b8c70,0x00000000e6a00000)
  from space 3584K, 83% used [0x00000000e6a00000,0x00000000e6ce8a88,0x00000000e6d80000)
  to   space 3584K, 0% used [0x00000000e9780000,0x00000000e9780000,0x00000000e9b00000)
 ParOldGen       total 57344K, used 8K [0x00000000ac000000, 0x00000000af800000, 0x00000000e4000000)
  object space 57344K, 0% used [0x00000000ac000000,0x00000000ac002000,0x00000000af800000)
 PSPermGen       total 21504K, used 8530K [0x00000000a1a00000, 0x00000000a2f00000, 0x00000000ac000000)
  object space 21504K, 39% used [0x00000000a1a00000,0x00000000a2254a10,0x00000000a2f00000)
GC Heap History (10 events):
Event: 2.553 GC heap before
{Heap before GC invocations=1 (full 0):
 PSYoungGen      total 25088K, used 21387K [0x00000000e4000000, 0x00000000e5c00000, 0x0000000100000000)
  eden space 21504K, 99% used [0x00000000e4000000,0x00000000e54e2d10,0x00000000e5500000)
  from space 3584K, 0% used [0x00000000e5880000,0x00000000e5880000,0x00000000e5c00000)
  to   space 3584K, 0% used [0x00000000e5500000,0x00000000e5500000,0x00000000e5880000)
 ParOldGen       total 57344K, used 0K [0x00000000ac000000, 0x00000000af800000, 0x00000000e4000000)
  object space 57344K, 0% used [0x00000000ac000000,0x00000000ac000000,0x00000000af800000)
 PSPermGen       total 21504K, used 8379K [0x00000000a1a00000, 0x00000000a2f00000, 0x00000000ac000000)
  object space 21504K, 38% used [0x00000000a1a00000,0x00000000a222ede8,0x00000000a2f00000)
Event: 2.576 GC heap after
Heap after GC invocations=1 (full 0):
 PSYoungGen      total 25088K, used 2630K [0x00000000e4000000, 0x00000000e5c00000, 0x0000000100000000)
  eden space 21504K, 0% used [0x00000000e4000000,0x00000000e4000000,0x00000000e5500000)
  from space 3584K, 73% used [0x00000000e5500000,0x00000000e5791a80,0x00000000e5880000)
  to   space 3584K, 0% used [0x00000000e5880000,0x00000000e5880000,0x00000000e5c00000)
 ParOldGen       total 57344K, used 8K [0x00000000ac000000, 0x00000000af800000, 0x00000000e4000000)
  object space 57344K, 0% used [0x00000000ac000000,0x00000000ac002000,0x00000000af800000)
 PSPermGen       total 21504K, used 8379K [0x00000000a1a00000, 0x00000000a2f00000, 0x00000000ac000000)
  object space 21504K, 38% used [0x00000000a1a00000,0x00000000a222ede8,0x00000000a2f00000)
}
Event: 2.766 GC heap before
{Heap before GC invocations=2 (full 0):
 PSYoungGen      total 25088K, used 24098K [0x00000000e4000000, 0x00000000e5c00000, 0x0000000100000000)
  eden space 21504K, 99% used [0x00000000e4000000,0x00000000e54f6f20,0x00000000e5500000)
  from space 3584K, 73% used [0x00000000e5500000,0x00000000e5791a80,0x00000000e5880000)
  to   space 3584K, 0% used [0x00000000e5880000,0x00000000e5880000,0x00000000e5c00000)
 ParOldGen       total 57344K, used 8K [0x00000000ac000000, 0x00000000af800000, 0x00000000e4000000)
  object space 57344K, 0% used [0x00000000ac000000,0x00000000ac002000,0x00000000af800000)
 PSPermGen       total 21504K, used 8379K [0x00000000a1a00000, 0x00000000a2f00000, 0x00000000ac000000)
  object space 21504K, 38% used [0x00000000a1a00000,0x00000000a222ee90,0x00000000a2f00000)
Event: 2.787 GC heap after
Heap after GC invocations=2 (full 0):
 PSYoungGen      total 25088K, used 1857K [0x00000000e4000000, 0x00000000e7100000, 0x0000000100000000)
  eden space 21504K, 0% used [0x00000000e4000000,0x00000000e4000000,0x00000000e5500000)
  from space 3584K, 51% used [0x00000000e5880000,0x00000000e5a505b0,0x00000000e5c00000)
  to   space 3584K, 0% used [0x00000000e5500000,0x00000000e5500000,0x00000000e5880000)
 ParOldGen       total 57344K, used 8K [0x00000000ac000000, 0x00000000af800000, 0x00000000e4000000)
  object space 57344K, 0% used [0x00000000ac000000,0x00000000ac002000,0x00000000af800000)
 PSPermGen       total 21504K, used 8379K [0x00000000a1a00000, 0x00000000a2f00000, 0x00000000ac000000)
  object space 21504K, 38% used [0x00000000a1a00000,0x00000000a222ee90,0x00000000a2f00000)
}
Event: 2.847 GC heap before
{Heap before GC invocations=3 (full 0):
 PSYoungGen      total 25088K, used 23158K [0x00000000e4000000, 0x00000000e7100000, 0x0000000100000000)
  eden space 21504K, 99% used [0x00000000e4000000,0x00000000e54cd2a8,0x00000000e5500000)
  from space 3584K, 51% used [0x00000000e5880000,0x00000000e5a505b0,0x00000000e5c00000)
  to   space 3584K, 0% used [0x00000000e5500000,0x00000000e5500000,0x00000000e5880000)
 ParOldGen       total 57344K, used 8K [0x00000000ac000000, 0x00000000af800000, 0x00000000e4000000)
  object space 57344K, 0% used [0x00000000ac000000,0x00000000ac002000,0x00000000af800000)
 PSPermGen       total 21504K, used 8379K [0x00000000a1a00000, 0x00000000a2f00000, 0x00000000ac000000)
  object space 21504K, 38% used [0x00000000a1a00000,0x00000000a222ee90,0x00000000a2f00000)
Event: 2.858 GC heap after
Heap after GC invocations=3 (full 0):
 PSYoungGen      total 25088K, used 1959K [0x00000000e4000000, 0x00000000e7100000, 0x0000000100000000)
  eden space 21504K, 0% used [0x00000000e4000000,0x00000000e4000000,0x00000000e5500000)
  from space 3584K, 54% used [0x00000000e5500000,0x00000000e56e9db0,0x00000000e5880000)
  to   space 3584K, 0% used [0x00000000e6d80000,0x00000000e6d80000,0x00000000e7100000)
 ParOldGen       total 57344K, used 8K [0x00000000ac000000, 0x00000000af800000, 0x00000000e4000000)
  object space 57344K, 0% used [0x00000000ac000000,0x00000000ac002000,0x00000000af800000)
 PSPermGen       total 21504K, used 8379K [0x00000000a1a00000, 0x00000000a2f00000, 0x00000000ac000000)
  object space 21504K, 38% used [0x00000000a1a00000,0x00000000a222ee90,0x00000000a2f00000)
}
Event: 2.920 GC heap before
{Heap before GC invocations=4 (full 0):
 PSYoungGen      total 25088K, used 23347K [0x00000000e4000000, 0x00000000e7100000, 0x0000000100000000)
  eden space 21504K, 99% used [0x00000000e4000000,0x00000000e54e3108,0x00000000e5500000)
  from space 3584K, 54% used [0x00000000e5500000,0x00000000e56e9db0,0x00000000e5880000)
  to   space 3584K, 0% used [0x00000000e6d80000,0x00000000e6d80000,0x00000000e7100000)
 ParOldGen       total 57344K, used 8K [0x00000000ac000000, 0x00000000af800000, 0x00000000e4000000)
  object space 57344K, 0% used [0x00000000ac000000,0x00000000ac002000,0x00000000af800000)
 PSPermGen       total 21504K, used 8379K [0x00000000a1a00000, 0x00000000a2f00000, 0x00000000ac000000)
  object space 21504K, 38% used [0x00000000a1a00000,0x00000000a222ef50,0x00000000a2f00000)
Event: 2.932 GC heap after
Heap after GC invocations=4 (full 0):
 PSYoungGen      total 46592K, used 2253K [0x00000000e4000000, 0x00000000e7100000, 0x0000000100000000)
  eden space 43008K, 0% used [0x00000000e4000000,0x00000000e4000000,0x00000000e6a00000)
  from space 3584K, 62% used [0x00000000e6d80000,0x00000000e6fb35d0,0x00000000e7100000)
  to   space 3584K, 0% used [0x00000000e6a00000,0x00000000e6a00000,0x00000000e6d80000)
 ParOldGen       total 57344K, used 8K [0x00000000ac000000, 0x00000000af800000, 0x00000000e4000000)
  object space 57344K, 0% used [0x00000000ac000000,0x00000000ac002000,0x00000000af800000)
 PSPermGen       total 21504K, used 8379K [0x00000000a1a00000, 0x00000000a2f00000, 0x00000000ac000000)
  object space 21504K, 38% used [0x00000000a1a00000,0x00000000a222ef50,0x00000000a2f00000)
}
Event: 7.788 GC heap before
{Heap before GC invocations=5 (full 0):
 PSYoungGen      total 46592K, used 45236K [0x00000000e4000000, 0x00000000e7100000, 0x0000000100000000)
  eden space 43008K, 99% used [0x00000000e4000000,0x00000000e69f9a80,0x00000000e6a00000)
  from space 3584K, 62% used [0x00000000e6d80000,0x00000000e6fb35d0,0x00000000e7100000)
  to   space 3584K, 0% used [0x00000000e6a00000,0x00000000e6a00000,0x00000000e6d80000)
 ParOldGen       total 57344K, used 8K [0x00000000ac000000, 0x00000000af800000, 0x00000000e4000000)
  object space 57344K, 0% used [0x00000000ac000000,0x00000000ac002000,0x00000000af800000)
 PSPermGen       total 21504K, used 8491K [0x00000000a1a00000, 0x00000000a2f00000, 0x00000000ac000000)
  object space 21504K, 39% used [0x00000000a1a00000,0x00000000a224ae08,0x00000000a2f00000)
Event: 7.800 GC heap after
Heap after GC invocations=5 (full 0):
 PSYoungGen      total 46592K, used 2978K [0x00000000e4000000, 0x00000000e9b00000, 0x0000000100000000)
  eden space 43008K, 0% used [0x00000000e4000000,0x00000000e4000000,0x00000000e6a00000)
  from space 3584K, 83% used [0x00000000e6a00000,0x00000000e6ce8a88,0x00000000e6d80000)
  to   space 3584K, 0% used [0x00000000e9780000,0x00000000e9780000,0x00000000e9b00000)
 ParOldGen       total 57344K, used 8K [0x00000000ac000000, 0x00000000af800000, 0x00000000e4000000)
  object space 57344K, 0% used [0x00000000ac000000,0x00000000ac002000,0x00000000af800000)
 PSPermGen       total 21504K, used 8491K [0x00000000a1a00000, 0x00000000a2f00000, 0x00000000ac000000)
  object space 21504K, 39% used [0x00000000a1a00000,0x00000000a224ae08,0x00000000a2f00000)
}

