# JRE version: OpenJDK Runtime Environment (7.0_65-b32) (build 1.7.0_65-b32)
# Java VM: OpenJDK 64-Bit Server VM (24.65-b04 mixed mode linux-amd64 compressed oops)
Heap
 PSYoungGen      total 88064K, used 4362K [0x00000000e4000000, 0x00000000e9c00000, 0x0000000100000000)
  eden space 84992K, 1% used [0x00000000e4000000,0x00000000e4149520,0x00000000e9300000)
  from space 3072K, 99% used [0x00000000e9700000,0x00000000e99f9540,0x00000000e9a00000)
  to   space 4096K, 0% used [0x00000000e9300000,0x00000000e9300000,0x00000000e9700000)
 ParOldGen       total 57344K, used 600K [0x00000000ac000000, 0x00000000af800000, 0x00000000e4000000)
  object space 57344K, 1% used [0x00000000ac000000,0x00000000ac096000,0x00000000af800000)
 PSPermGen       total 21504K, used 8554K [0x00000000a1a00000, 0x00000000a2f00000, 0x00000000ac000000)
  object space 21504K, 39% used [0x00000000a1a00000,0x00000000a225ab88,0x00000000a2f00000)
GC Heap History (10 events):
Event: 2.721 GC heap before
{Heap before GC invocations=2 (full 0):
 PSYoungGen      total 25088K, used 24026K [0x00000000e4000000, 0x00000000e5c00000, 0x0000000100000000)
  eden space 21504K, 99% used [0x00000000e4000000,0x00000000e54e5b80,0x00000000e5500000)
  from space 3584K, 73% used [0x00000000e5500000,0x00000000e5790d08,0x00000000e5880000)
  to   space 3584K, 0% used [0x00000000e5880000,0x00000000e5880000,0x00000000e5c00000)
 ParOldGen       total 57344K, used 8K [0x00000000ac000000, 0x00000000af800000, 0x00000000e4000000)
  object space 57344K, 0% used [0x00000000ac000000,0x00000000ac002000,0x00000000af800000)
 PSPermGen       total 21504K, used 8393K [0x00000000a1a00000, 0x00000000a2f00000, 0x00000000ac000000)
  object space 21504K, 39% used [0x00000000a1a00000,0x00000000a2232530,0x00000000a2f00000)
Event: 2.734 GC heap after
Heap after GC invocations=2 (full 0):
 PSYoungGen      total 25088K, used 2618K [0x00000000e4000000, 0x00000000e7100000, 0x0000000100000000)
  eden space 21504K, 0% used [0x00000000e4000000,0x00000000e4000000,0x00000000e5500000)
  from space 3584K, 73% used [0x00000000e5880000,0x00000000e5b0ea28,0x00000000e5c00000)
  to   space 3584K, 0% used [0x00000000e5500000,0x00000000e5500000,0x00000000e5880000)
 ParOldGen       total 57344K, used 8K [0x00000000ac000000, 0x00000000af800000, 0x00000000e4000000)
  object space 57344K, 0% used [0x00000000ac000000,0x00000000ac002000,0x00000000af800000)
 PSPermGen       total 21504K, used 8393K [0x00000000a1a00000, 0x00000000a2f00000, 0x00000000ac000000)
  object space 21504K, 39% used [0x00000000a1a00000,0x00000000a2232530,0x00000000a2f00000)
}
Event: 2.781 GC heap before
{Heap before GC invocations=3 (full 0):
 PSYoungGen      total 25088K, used 23988K [0x00000000e4000000, 0x00000000e7100000, 0x0000000100000000)
  eden space 21504K, 99% used [0x00000000e4000000,0x00000000e54de7b0,0x00000000e5500000)
  from space 3584K, 73% used [0x00000000e5880000,0x00000000e5b0ea28,0x00000000e5c00000)
  to   space 3584K, 0% used [0x00000000e5500000,0x00000000e5500000,0x00000000e5880000)
 ParOldGen       total 57344K, used 8K [0x00000000ac000000, 0x00000000af800000, 0x00000000e4000000)
  object space 57344K, 0% used [0x00000000ac000000,0x00000000ac002000,0x00000000af800000)
 PSPermGen       total 21504K, used 8393K [0x00000000a1a00000, 0x00000000a2f00000, 0x00000000ac000000)
  object space 21504K, 39% used [0x00000000a1a00000,0x00000000a2232760,0x00000000a2f00000)
Event: 2.793 GC heap after
Heap after GC invocations=3 (full 0):
 PSYoungGen      total 25088K, used 1991K [0x00000000e4000000, 0x00000000e7100000, 0x0000000100000000)
  eden space 21504K, 0% used [0x00000000e4000000,0x00000000e4000000,0x00000000e5500000)
  from space 3584K, 55% used [0x00000000e5500000,0x00000000e56f1db0,0x00000000e5880000)
  to   space 3584K, 0% used [0x00000000e6d80000,0x00000000e6d80000,0x00000000e7100000)
 ParOldGen       total 57344K, used 8K [0x00000000ac000000, 0x00000000af800000, 0x00000000e4000000)
  object space 57344K, 0% used [0x00000000ac000000,0x00000000ac002000,0x00000000af800000)
 PSPermGen       total 21504K, used 8393K [0x00000000a1a00000, 0x00000000a2f00000, 0x00000000ac000000)
  object space 21504K, 39% used [0x00000000a1a00000,0x00000000a2232760,0x00000000a2f00000)
}
Event: 2.833 GC heap before
{Heap before GC invocations=4 (full 0):
 PSYoungGen      total 25088K, used 23379K [0x00000000e4000000, 0x00000000e7100000, 0x0000000100000000)
  eden space 21504K, 99% used [0x00000000e4000000,0x00000000e54e3158,0x00000000e5500000)
  from space 3584K, 55% used [0x00000000e5500000,0x00000000e56f1db0,0x00000000e5880000)
  to   space 3584K, 0% used [0x00000000e6d80000,0x00000000e6d80000,0x00000000e7100000)
 ParOldGen       total 57344K, used 8K [0x00000000ac000000, 0x00000000af800000, 0x00000000e4000000)
  object space 57344K, 0% used [0x00000000ac000000,0x00000000ac002000,0x00000000af800000)
 PSPermGen       total 21504K, used 8394K [0x00000000a1a00000, 0x00000000a2f00000, 0x00000000ac000000)
  object space 21504K, 39% used [0x00000000a1a00000,0x00000000a2232900,0x00000000a2f00000)
Event: 2.846 GC heap after
Heap after GC invocations=4 (full 0):
 PSYoungGen      total 46592K, used 2237K [0x00000000e4000000, 0x00000000e7100000, 0x0000000100000000)
  eden space 43008K, 0% used [0x00000000e4000000,0x00000000e4000000,0x00000000e6a00000)
  from space 3584K, 62% used [0x00000000e6d80000,0x00000000e6faf5c0,0x00000000e7100000)
  to   space 3584K, 0% used [0x00000000e6a00000,0x00000000e6a00000,0x00000000e6d80000)
 ParOldGen       total 57344K, used 8K [0x00000000ac000000, 0x00000000af800000, 0x00000000e4000000)
  object space 57344K, 0% used [0x00000000ac000000,0x00000000ac002000,0x00000000af800000)
 PSPermGen       total 21504K, used 8394K [0x00000000a1a00000, 0x00000000a2f00000, 0x00000000ac000000)
  object space 21504K, 39% used [0x00000000a1a00000,0x00000000a2232900,0x00000000a2f00000)
}
Event: 7.620 GC heap before
{Heap before GC invocations=5 (full 0):
 PSYoungGen      total 46592K, used 45209K [0x00000000e4000000, 0x00000000e7100000, 0x0000000100000000)
  eden space 43008K, 99% used [0x00000000e4000000,0x00000000e69f6ef8,0x00000000e6a00000)
  from space 3584K, 62% used [0x00000000e6d80000,0x00000000e6faf5c0,0x00000000e7100000)
  to   space 3584K, 0% used [0x00000000e6a00000,0x00000000e6a00000,0x00000000e6d80000)
 ParOldGen       total 57344K, used 8K [0x00000000ac000000, 0x00000000af800000, 0x00000000e4000000)
  object space 57344K, 0% used [0x00000000ac000000,0x00000000ac002000,0x00000000af800000)
 PSPermGen       total 21504K, used 8498K [0x00000000a1a00000, 0x00000000a2f00000, 0x00000000ac000000)
  object space 21504K, 39% used [0x00000000a1a00000,0x00000000a224ca10,0x00000000a2f00000)
Event: 7.633 GC heap after
Heap after GC invocations=5 (full 0):
 PSYoungGen      total 46592K, used 2866K [0x00000000e4000000, 0x00000000e9a00000, 0x0000000100000000)
  eden space 43008K, 0% used [0x00000000e4000000,0x00000000e4000000,0x00000000e6a00000)
  from space 3584K, 79% used [0x00000000e6a00000,0x00000000e6cccab0,0x00000000e6d80000)
  to   space 3072K, 0% used [0x00000000e9700000,0x00000000e9700000,0x00000000e9a00000)
 ParOldGen       total 57344K, used 16K [0x00000000ac000000, 0x00000000af800000, 0x00000000e4000000)
  object space 57344K, 0% used [0x00000000ac000000,0x00000000ac004000,0x00000000af800000)
 PSPermGen       total 21504K, used 8498K [0x00000000a1a00000, 0x00000000a2f00000, 0x00000000ac000000)
  object space 21504K, 39% used [0x00000000a1a00000,0x00000000a224ca10,0x00000000a2f00000)
}
Event: 24.346 GC heap before
{Heap before GC invocations=6 (full 0):
 PSYoungGen      total 46592K, used 45774K [0x00000000e4000000, 0x00000000e9a00000, 0x0000000100000000)
  eden space 43008K, 99% used [0x00000000e4000000,0x00000000e69e6ff0,0x00000000e6a00000)
  from space 3584K, 79% used [0x00000000e6a00000,0x00000000e6cccab0,0x00000000e6d80000)
  to   space 3072K, 0% used [0x00000000e9700000,0x00000000e9700000,0x00000000e9a00000)
 ParOldGen       total 57344K, used 16K [0x00000000ac000000, 0x00000000af800000, 0x00000000e4000000)
  object space 57344K, 0% used [0x00000000ac000000,0x00000000ac004000,0x00000000af800000)
 PSPermGen       total 21504K, used 8526K [0x00000000a1a00000, 0x00000000a2f00000, 0x00000000ac000000)
  object space 21504K, 39% used [0x00000000a1a00000,0x00000000a22538f8,0x00000000a2f00000)
Event: 24.360 GC heap after
Heap after GC invocations=6 (full 0):
 PSYoungGen      total 88064K, used 3045K [0x00000000e4000000, 0x00000000e9c00000, 0x0000000100000000)
  eden space 84992K, 0% used [0x00000000e4000000,0x00000000e4000000,0x00000000e9300000)
  from space 3072K, 99% used [0x00000000e9700000,0x00000000e99f9540,0x00000000e9a00000)
  to   space 4096K, 0% used [0x00000000e9300000,0x00000000e9300000,0x00000000e9700000)
 ParOldGen       total 57344K, used 600K [0x00000000ac000000, 0x00000000af800000, 0x00000000e4000000)
  object space 57344K, 1% used [0x00000000ac000000,0x00000000ac096000,0x00000000af800000)
 PSPermGen       total 21504K, used 8526K [0x00000000a1a00000, 0x00000000a2f00000, 0x00000000ac000000)
  object space 21504K, 39% used [0x00000000a1a00000,0x00000000a22538f8,0x00000000a2f00000)
}

